<?xml version="1.0" encoding="UTF-8"?>
<testsuite xmlns:xsi="http://www.w3.org/2001/XMLSchema-instance" xsi:noNamespaceSchemaLocation="https://maven.apache.org/surefire/maven-surefire-plugin/xsd/surefire-test-report-3.0.xsd" version="3.0" name="QuadraticMetamorphicTest" time="0.018" tests="42" errors="0" skipped="0" failures="0">
  <properties>
[...]
</properties>
  <testcase name="test_S2_Source" classname="QuadraticMetamorphicTest" time="0.0">
    <system-out><![CDATA[x1 = -1
]]></system-out>
  </testcase>
  <testcase name="test_S7_Source" classname="QuadraticMetamorphicTest" time="0.0">
    <system-out><![CDATA[x1 = -0.5 + 0.8660254037844386i
x2 = -0.5 - 0.8660254037844386i
]]></system-out>
  </testcase>
  <testcase name="test_S1_MR1" classname="QuadraticMetamorphicTest" time="0.001">
    <system-out><![CDATA[x1 = 2
x2 = 1
]]></system-out>
  </testcase>
  <testcase name="test_S1_MR2" classname="QuadraticMetamorphicTest" time="0.0">
    <system-out><![CDATA[x1 = 2
x2 = 1
]]></system-out>
  </testcase>
  <testcase name="test_S1_MR3" classname="QuadraticMetamorphicTest" time="0.0">
    <system-out><![CDATA[x1 = -2
x2 = -1
]]></system-out>
  </testcase>
  <testcase name="test_S2_MR1" classname="QuadraticMetamorphicTest" time="0.001">
    <system-out><![CDATA[x1 = -1
]]></system-out>
  </testcase>
  <testcase name="test_S2_MR2" classname="QuadraticMetamorphicTest" time="0.0">
    <system-out><![CDATA[x1 = -1
]]></system-out>
  </testcase>
  <testcase name="test_S2_MR3" classname="QuadraticMetamorphicTest" time="0.0">
    <system-out><![CDATA[x1 = 1
]]></system-out>
  </testcase>
  <testcase name="test_S3_MR1" classname="QuadraticMetamorphicTest" time="0.0">
    <system-out><![CDATA[x1 = 2i
x2 = -2i
]]></system-out>
  </testcase>
  <testcase name="test_S3_MR2" classname="QuadraticMetamorphicTest" time="0.001">
    <system-out><![CDATA[x1 = -2i
x2 = --2i
]]></system-out>
  </testcase>
  <testcase name="test_S3_MR3" classname="QuadraticMetamorphicTest" time="0.0">
    <system-out><![CDATA[x1 = 2i
x2 = -2i
]]></system-out>
  </testcase>
  <testcase name="test_S4_MR1" classname="QuadraticMetamorphicTest" time="0.0">
    <system-out><![CDATA[Handled expected precision error in S4 MR1: Not enough precision in calculation
]]></system-out>
  </testcase>
  <testcase name="test_S4_MR2" classname="QuadraticMetamorphicTest" time="0.0">
    <system-out><![CDATA[Handled expected precision error in S4 MR2: Not enough precision in calculation
]]></system-out>
  </testcase>
  <testcase name="test_S4_MR3" classname="QuadraticMetamorphicTest" time="0.0">
    <system-out><![CDATA[Handled expected precision error in S4 MR3: Not enough precision in calculation
]]></system-out>
  </testcase>
  <testcase name="test_S5_MR1" classname="QuadraticMetamorphicTest" time="0.0">
    <system-out><![CDATA[Handled expected precision error in S5 MR1: Not enough precision in calculation
]]></system-out>
  </testcase>
  <testcase name="test_S5_MR2" classname="QuadraticMetamorphicTest" time="0.0">
    <system-out><![CDATA[Handled expected precision error in S5 MR2: Not enough precision in calculation
]]></system-out>
  </testcase>
  <testcase name="test_S5_MR3" classname="QuadraticMetamorphicTest" time="0.003">
    <system-out><![CDATA[Handled expected precision error in S5 MR3: Not enough precision in calculation
]]></system-out>
  </testcase>
  <testcase name="test_S6_MR1" classname="QuadraticMetamorphicTest" time="0.0">
    <system-out><![CDATA[x1 = -0.5 + 0.8660262519511501i
x2 = -0.5 - 0.8660262519511501i
]]></system-out>
  </testcase>
  <testcase name="test_S6_MR2" classname="QuadraticMetamorphicTest" time="0.0">
    <system-out><![CDATA[x1 = -0.5 + -0.8660262519511501i
x2 = -0.5 - -0.8660262519511501i
]]></system-out>
  </testcase>
  <testcase name="test_S6_MR3" classname="QuadraticMetamorphicTest" time="0.0">
    <system-out><![CDATA[x1 = 0.5 + 0.8660262519511501i
x2 = 0.5 - 0.8660262519511501i
]]></system-out>
  </testcase>
  <testcase name="test_S7_MR1" classname="QuadraticMetamorphicTest" time="0.0">
    <system-out><![CDATA[x1 = -0.5 + 0.8660254037844386i
x2 = -0.5 - 0.8660254037844386i
]]></system-out>
  </testcase>
  <testcase name="test_S7_MR2" classname="QuadraticMetamorphicTest" time="0.0">
    <system-out><![CDATA[x1 = -0.5 + -0.8660254037844386i
x2 = -0.5 - -0.8660254037844386i
]]></system-out>
  </testcase>
  <testcase name="test_S7_MR3" classname="QuadraticMetamorphicTest" time="0.0">
    <system-out><![CDATA[x1 = 0.5 + 0.8660254037844386i
x2 = 0.5 - 0.8660254037844386i
]]></system-out>
  </testcase>
  <testcase name="test_S9_MR1" classname="QuadraticMetamorphicTest" time="0.001">
    <system-out><![CDATA[x1 = -3
x2 = -1
]]></system-out>
  </testcase>
  <testcase name="test_S9_MR2" classname="QuadraticMetamorphicTest" time="0.0">
    <system-out><![CDATA[x1 = -3
x2 = -1
]]></system-out>
  </testcase>
  <testcase name="test_S9_MR3" classname="QuadraticMetamorphicTest" time="0.0">
    <system-out><![CDATA[x1 = 3
x2 = 1
]]></system-out>
  </testcase>
  <testcase name="test_S5_Source" classname="QuadraticMetamorphicTest" time="0.0">
    <system-out><![CDATA[Handled expected precision error in S5 Source: Not enough precision in calculation
]]></system-out>
  </testcase>
  <testcase name="test_S10_Source" classname="QuadraticMetamorphicTest" time="0.001">
    <system-out><![CDATA[x1 = -1 + 3.162277661091555E-4i
x2 = -1 - 3.162277661091555E-4i
]]></system-out>
  </testcase>
  <testcase name="test_S3_Source" classname="QuadraticMetamorphicTest" time="0.0">
    <system-out><![CDATA[x1 = 2i
x2 = -2i
]]></system-out>
  </testcase>
  <testcase name="test_S8_Source" classname="QuadraticMetamorphicTest" time="0.0">
    <system-out><![CDATA[x1 = 1
x2 = -1
]]></system-out>
  </testcase>
  <testcase name="test_S1_Source" classname="QuadraticMetamorphicTest" time="0.0">
    <system-out><![CDATA[x1 = 2
x2 = 1
]]></system-out>
  </testcase>
  <testcase name="test_S10_MR1" classname="QuadraticMetamorphicTest" time="0.0">
    <system-out><![CDATA[x1 = -1 + 3.162277661091555E-4i
x2 = -1 - 3.162277661091555E-4i
]]></system-out>
  </testcase>
  <testcase name="test_S10_MR2" classname="QuadraticMetamorphicTest" time="0.0">
    <system-out><![CDATA[x1 = -1 + -3.162277661091555E-4i
x2 = -1 - -3.162277661091555E-4i
]]></system-out>
  </testcase>
  <testcase name="test_S10_MR3" classname="QuadraticMetamorphicTest" time="0.0">
    <system-out><![CDATA[x1 = 1 + 3.162277661091555E-4i
x2 = 1 - 3.162277661091555E-4i
]]></system-out>
  </testcase>
  <testcase name="test_S11_MR1" classname="QuadraticMetamorphicTest" time="0.0">
    <system-out><![CDATA[Handled expected precision error in S11 MR1: Not enough precision in calculation
]]></system-out>
  </testcase>
  <testcase name="test_S11_MR2" classname="QuadraticMetamorphicTest" time="0.0">
    <system-out><![CDATA[Handled expected precision error in S11 MR2: Not enough precision in calculation
]]></system-out>
  </testcase>
  <testcase name="test_S11_MR3" classname="QuadraticMetamorphicTest" time="0.001">
    <system-out><![CDATA[Handled expected precision error in S11 MR3: Not enough precision in calculation
]]></system-out>
  </testcase>
  <testcase name="test_S6_Source" classname="QuadraticMetamorphicTest" time="0.0">
    <system-out><![CDATA[x1 = -0.5 + 0.8660262519511501i
x2 = -0.5 - 0.8660262519511501i
]]></system-out>
  </testcase>
  <testcase name="test_S11_Source" classname="QuadraticMetamorphicTest" time="0.0">
    <system-out><![CDATA[Handled expected precision error in S11 Source: Not enough precision in calculation
]]></system-out>
  </testcase>
  <testcase name="test_S8_MR4_SymmetricRootCheck" classname="QuadraticMetamorphicTest" time="0.0">
    <system-out><![CDATA[x1 = 1
x2 = -1
]]></system-out>
  </testcase>
  <testcase name="test_S4_Source" classname="QuadraticMetamorphicTest" time="0.001">
    <system-out><![CDATA[Handled expected precision error in S4 Source: Not enough precision in calculation
]]></system-out>
  </testcase>
  <testcase name="test_S9_Source" classname="QuadraticMetamorphicTest" time="0.0">
    <system-out><![CDATA[x1 = -3
x2 = -1
]]></system-out>
  </testcase>
</testsuite>