<?xml version="1.0" encoding="UTF-8"?>
<testsuite xmlns:xsi="http://www.w3.org/2001/XMLSchema-instance" xsi:noNamespaceSchemaLocation="https://maven.apache.org/surefire/maven-surefire-plugin/xsd/surefire-test-report-3.0.xsd" version="3.0" name="DateHelperCategoryPartitionTest" time="0.037" tests="15" errors="0" skipped="0" failures="0">
  <properties>
[...]
</properties>
  <testcase name="testSystemTimeZoneIndependence" classname="DateHelperCategoryPartitionTest" time="0.019"/>
  <testcase name="testEpochTime" classname="DateHelperCategoryPartitionTest" time="0.003">
    <system-out><![CDATA[Formatted from DateHelper: 31/12/1969
Expected (system default): 31/12/1969
]]></system-out>
  </testcase>
  <testcase name="testLongMaxValue" classname="DateHelperCategoryPartitionTest" time="0.002"/>
  <testcase name="testNear2038Boundary" classname="DateHelperCategoryPartitionTest" time="0.0"/>
  <testcase name="testCurrentTime" classname="DateHelperCategoryPartitionTest" time="0.002"/>
  <testcase name="testInvalidLeapDate" classname="DateHelperCategoryPartitionTest" time="0.001"/>
  <testcase name="testOneHourAgo" classname="DateHelperCategoryPartitionTest" time="0.0"/>
  <testcase name="testOneDayFuture" classname="DateHelperCategoryPartitionTest" time="0.001"/>
  <testcase name="testLeapSecondSimulation" classname="DateHelperCategoryPartitionTest" time="0.001"/>
  <testcase name="test12HourFormat" classname="DateHelperCategoryPartitionTest" time="0.0">
    <system-out><![CDATA[Formatted time: 13/04/2025, 11:12 p.m.
]]></system-out>
  </testcase>
  <testcase name="testLeapYearDate" classname="DateHelperCategoryPartitionTest" time="0.0">
    <system-out><![CDATA[Leap year date: 29/02/2020
]]></system-out>
  </testcase>
  <testcase name="testNegativeTime" classname="DateHelperCategoryPartitionTest" time="0.0"/>
  <testcase name="testLongMinValue" classname="DateHelperCategoryPartitionTest" time="0.0"/>
  <testcase name="testMidnightUtc" classname="DateHelperCategoryPartitionTest" time="0.003"/>
  <testcase name="testStartOfDay" classname="DateHelperCategoryPartitionTest" time="0.0">
    <system-out><![CDATA[Start of day formatted: 30/09/2023, 08:00 p.m.
]]></system-out>
  </testcase>
</testsuite>